[debug] [2023-05-19T11:46:54.659Z] ----------------------------------------------------------------------
[debug] [2023-05-19T11:46:54.661Z] Command:       /opt/homebrew/Cellar/node/20.0.0/bin/node /opt/homebrew/bin/firebase init
[debug] [2023-05-19T11:46:54.661Z] CLI Version:   12.0.1
[debug] [2023-05-19T11:46:54.661Z] Platform:      darwin
[debug] [2023-05-19T11:46:54.661Z] Node Version:  v20.0.0
[debug] [2023-05-19T11:46:54.662Z] Time:          Fri May 19 2023 19:46:54 GMT+0800 (Malaysia Time)
[debug] [2023-05-19T11:46:54.662Z] ----------------------------------------------------------------------
[debug] 
[debug] [2023-05-19T11:46:54.665Z] > command requires scopes: ["email","openid","https://www.googleapis.com/auth/cloudplatformprojects.readonly","https://www.googleapis.com/auth/firebase","https://www.googleapis.com/auth/cloud-platform"]
[debug] [2023-05-19T11:46:54.665Z] > authorizing via signed-in user (tanweihup@gmail.com)
[info] 
     ######## #### ########  ######## ########     ###     ######  ########
     ##        ##  ##     ## ##       ##     ##  ##   ##  ##       ##
     ######    ##  ########  ######   ########  #########  ######  ######
     ##        ##  ##    ##  ##       ##     ## ##     ##       ## ##
     ##       #### ##     ## ######## ########  ##     ##  ######  ########

You're about to initialize a Firebase project in this directory:

  /Users/aaron/Developer/pinterest-mock

[info] 
=== Project Setup
[info] 
[info] First, let's associate this project directory with a Firebase project.
[info] You can create multiple project aliases by running firebase use --add, 
[info] but for now we'll just set up a default project.
[info] 
[debug] [2023-05-19T11:48:10.071Z] >>> [apiv2][query] GET https://firebase.googleapis.com/v1beta1/projects pageSize=100
[debug] [2023-05-19T11:48:10.839Z] <<< [apiv2][status] GET https://firebase.googleapis.com/v1beta1/projects 200
[debug] [2023-05-19T11:48:10.839Z] <<< [apiv2][body] GET https://firebase.googleapis.com/v1beta1/projects [omitted]
[info] i  Using project pinterest-mock-83435 (Pinterest-Mock) 
[info] 
=== Hosting Setup
[info] 
[info] Your public directory is the folder (relative to your project directory) that
[info] will contain Hosting assets to be uploaded with firebase deploy. If you
[info] have a build process for your assets, use your build's output directory.
[info] 
[debug] [2023-05-19T11:49:05.991Z] >>> [apiv2][query] GET https://www.gstatic.com/firebasejs/releases.json [none]
[debug] [2023-05-19T11:49:06.037Z] <<< [apiv2][status] GET https://www.gstatic.com/firebasejs/releases.json 200
[debug] [2023-05-19T11:49:06.037Z] <<< [apiv2][body] GET https://www.gstatic.com/firebasejs/releases.json {"current":{"version":"9.22.0","browserURL":"https://www.gstatic.com/firebasejs/9.22.0/firebase.js","packageURL":"https://www.gstatic.com/firebasejs/9.22.0/firebase.tgz"},"live":{"version":"9.22","browserURL":"https://www.gstatic.com/firebasejs/live/9.22/firebase.js","packageURL":"https://www.gstatic.com/firebasejs/live/9.22/firebase.tgz"},"components":{"analytics":"https://www.gstatic.com/firebasejs/9.22.0/firebase-analytics.js","app":"https://www.gstatic.com/firebasejs/9.22.0/firebase-app.js","app-check":"https://www.gstatic.com/firebasejs/9.22.0/firebase-app-check.js","auth":"https://www.gstatic.com/firebasejs/9.22.0/firebase-auth.js","auth/cordova":"https://www.gstatic.com/firebasejs/9.22.0/firebase-auth/cordova.js","auth/react-native":"https://www.gstatic.com/firebasejs/9.22.0/firebase-auth/react-native.js","functions":"https://www.gstatic.com/firebasejs/9.22.0/firebase-functions.js","firestore":"https://www.gstatic.com/firebasejs/9.22.0/firebase-firestore.js","firestore/lite":"https://www.gstatic.com/firebasejs/9.22.0/firebase-firestore/lite.js","installations":"https://www.gstatic.com/firebasejs/9.22.0/firebase-installations.js","storage":"https://www.gstatic.com/firebasejs/9.22.0/firebase-storage.js","performance":"https://www.gstatic.com/firebasejs/9.22.0/firebase-performance.js","remote-config":"https://www.gstatic.com/firebasejs/9.22.0/firebase-remote-config.js","messaging":"https://www.gstatic.com/firebasejs/9.22.0/firebase-messaging.js","messaging/sw":"https://www.gstatic.com/firebasejs/9.22.0/firebase-messaging/sw.js","database":"https://www.gstatic.com/firebasejs/9.22.0/firebase-database.js","firestore.memory":"https://www.gstatic.com/firebasejs/9.22.0/firebase-firestore.memory.js"}}
[info] ✔  Wrote public/index.html 
[info] 
[info] i  Didn't detect a .git folder. Assuming /Users/aaron/Developer/pinterest-mock is the project root. 
[info] i  Authorizing with GitHub to upload your service account to a GitHub repository's secrets store. 
[info] 
[info] Visit this URL on this device to log in:
[info] https://github.com/login/oauth/authorize?client_id=89cf50f02ac6aaed3484&state=712982710&redirect_uri=http%3A%2F%2Flocalhost%3A9005&scope=read%3Auser%20repo%20public_repo
[info] 
[info] Waiting for authentication...
[debug] [2023-05-19T11:49:27.818Z] >>> [apiv2][query] POST https://github.com/login/oauth/access_token [none]
[debug] [2023-05-19T11:49:27.818Z] >>> [apiv2][body] POST https://github.com/login/oauth/access_token [stream]
[debug] [2023-05-19T11:49:28.196Z] <<< [apiv2][status] POST https://github.com/login/oauth/access_token 200
[debug] [2023-05-19T11:49:28.196Z] <<< [apiv2][body] POST https://github.com/login/oauth/access_token {"access_token":"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","token_type":"bearer","scope":"read:user,repo"}
[debug] [2023-05-19T11:49:28.201Z] >>> [apiv2][query] GET https://api.github.com/user [none]
[debug] [2023-05-19T11:49:28.607Z] <<< [apiv2][status] GET https://api.github.com/user 200
[debug] [2023-05-19T11:49:28.607Z] <<< [apiv2][body] GET https://api.github.com/user {"login":"AaronTan11","id":79584803,"node_id":"MDQ6VXNlcjc5NTg0ODAz","avatar_url":"https://avatars.githubusercontent.com/u/79584803?v=4","gravatar_id":"","url":"https://api.github.com/users/AaronTan11","html_url":"https://github.com/AaronTan11","followers_url":"https://api.github.com/users/AaronTan11/followers","following_url":"https://api.github.com/users/AaronTan11/following{/other_user}","gists_url":"https://api.github.com/users/AaronTan11/gists{/gist_id}","starred_url":"https://api.github.com/users/AaronTan11/starred{/owner}{/repo}","subscriptions_url":"https://api.github.com/users/AaronTan11/subscriptions","organizations_url":"https://api.github.com/users/AaronTan11/orgs","repos_url":"https://api.github.com/users/AaronTan11/repos","events_url":"https://api.github.com/users/AaronTan11/events{/privacy}","received_events_url":"https://api.github.com/users/AaronTan11/received_events","type":"User","site_admin":false,"name":null,"company":null,"blog":"","location":null,"email":null,"hireable":null,"bio":null,"twitter_username":null,"public_repos":2,"public_gists":0,"followers":5,"following":51,"created_at":"2021-02-24T13:31:29Z","updated_at":"2023-05-10T10:11:50Z","private_gists":0,"total_private_repos":3,"owned_private_repos":3,"disk_usage":35274,"collaborators":4,"two_factor_authentication":true,"plan":{"name":"pro","space":976562499,"collaborators":0,"private_repos":9999}}
[info] 
[info] ✔  Success! Logged into GitHub as AaronTan11 
[info] 
